<?xml version="1.0" encoding="UTF-8"?>
<!-- Generated by org.testng.reporters.JUnitReportReporter -->
<testsuite skipped="0" hostname="DESKTOP-JRIMQ69" name="test.UserShouldNotBeAbleToAddDuplicateCategoryTest" tests="1" failures="0" timestamp="2022-05-02T12:29:57 CDT" time="3.136" errors="0">
  <testcase name="createCategoryAndValidateDuplicateCategoryShouldNotBePermitted" time="3.136" classname="test.UserShouldNotBeAbleToAddDuplicateCategoryTest"/>
  <system-out/>
</testsuite> <!-- test.UserShouldNotBeAbleToAddDuplicateCategoryTest -->
